#
# A fatal error has been detected by the Java Runtime Environment:
#
#  EXCEPTION_ACCESS_VIOLATION (0xc0000005) at pc=0x000000005f1bc903, pid=8852, tid=0x0000000000001f6c
#
# JRE version: OpenJDK Runtime Environment (8.0_152-b01) (build 1.8.0_152-release-915-b01)
# Java VM: OpenJDK 64-Bit Server VM (25.152-b01 mixed mode windows-amd64 compressed oops)
# Problematic frame:
# V  [jvm.dll+0x3bc903]
#
# Failed to write core dump. Minidumps are not enabled by default on client versions of Windows
#
# If you would like to submit a bug report, please visit:
#   http://bugreport.java.com/bugreport/crash.jsp
#

---------------  T H R E A D  ---------------

Current thread (0x0000000002301800):  GCTaskThread [stack: 0x0000000012850000,0x0000000012950000] [id=8044]

siginfo: ExceptionCode=0xc0000005, reading address 0x0000000000000008

Registers:
RAX=0x000000000000000f, RBX=0x0000000011c10c01, RCX=0x0000000000000000, RDX=0x0000000000000068
RSP=0x000000001294f390, RBP=0x0000000011c10c01, RSI=0x00000000a0180060, RDI=0x00000000a017fe08
R8 =0x1fffffffffffffff, R9 =0x0000000000000000, R10=0x0000000011f20000, R11=0x0000000011a20000
R12=0x0000000011c10bff, R13=0x00000000565d6880, R14=0x00000000022f5370, R15=0x000000000000000c
RIP=0x000000005f1bc903, EFLAGS=0x0000000000010246

Top of Stack: (sp=0x000000001294f390)
0x000000001294f390:   0000000011c10c01 00000000a017f000
0x000000001294f3a0:   0000000011c10c01 0000000002301800
0x000000001294f3b0:   0000000011c10a00 0000000011c23fdb
0x000000001294f3c0:   0000000000000200 0000000000000180
0x000000001294f3d0:   00000000022adfa0 00000000022fb510
0x000000001294f3e0:   000000005f414e88 0000000000000000
0x000000001294f3f0:   0000000000000000 00000000564c5600
0x000000001294f400:   0000000002301d00 0000000002301cf0
0x000000001294f410:   00000000565d6880 000000005f1cefa2
0x000000001294f420:   0000000011c10b80 00000000022f5d30
0x000000001294f430:   00000000a0180060 00000000a27fb5e8
0x000000001294f440:   00000000565d6880 0000000000000003
0x000000001294f450:   0000000000000004 00000000022f5880
0x000000001294f460:   00000000564c5600 000000005f1be2ce
0x000000001294f470:   0000000002301800 0000000000000000
0x000000001294f480:   0000000000000000 0000000000000000 

Instructions: (pc=0x000000005f1bc903)
0x000000005f1bc8e3:   cf 3f 00 00 74 16 44 8b 4f 08 8b 0d 65 dd 39 00
0x000000005f1bc8f3:   49 d3 e1 4c 03 0d 53 dd 39 00 eb 04 4c 8b 4f 08
0x000000005f1bc903:   41 81 79 08 00 00 00 c0 73 12 49 8b 01 4c 8b c7
0x000000005f1bc913:   49 8b d5 49 8b c9 ff 90 20 01 00 00 80 3d 8b cf 


Register to memory mapping:

RAX=0x000000000000000f is an unknown value
RBX=0x0000000011c10c01 is an unknown value
RCX=0x0000000000000000 is an unknown value
RDX=0x0000000000000068 is an unknown value
RSP=0x000000001294f390 is an unknown value
RBP=0x0000000011c10c01 is an unknown value
RSI=0x00000000a0180060 is an oop
java.lang.Object 
 - klass: 'java/lang/Object'
RDI=
[error occurred during error reporting (printing register info), id 0xc0000005]

Stack: [0x0000000012850000,0x0000000012950000],  sp=0x000000001294f390,  free space=1020k
Native frames: (J=compiled Java code, j=interpreted, Vv=VM code, C=native code)
V  [jvm.dll+0x3bc903]
V  [jvm.dll+0x3cefa2]
V  [jvm.dll+0x3be2ce]
V  [jvm.dll+0x26d4aa]
C  [msvcr100.dll+0x21d9f]
C  [msvcr100.dll+0x21e3b]
C  [kernel32.dll+0x159cd]
C  [ntdll.dll+0x5383d]


---------------  P R O C E S S  ---------------

Java Threads: ( => current thread )
  0x00000000597b9800 JavaThread "Cache worker for Java compile cache (D:\Lista-zakupow-master\.gradle\4.1\javaCompile)" [_thread_blocked, id=6604, stack(0x0000000062f80000,0x0000000063080000)]
  0x000000005ff8e000 JavaThread "Task worker for ':' Thread 3" [_thread_blocked, id=7600, stack(0x0000000063250000,0x0000000063350000)]
  0x000000005ff91000 JavaThread "Task worker for ':' Thread 2" [_thread_blocked, id=5072, stack(0x000000005b1d0000,0x000000005b2d0000)]
  0x000000005ff90000 JavaThread "Task worker for ':'" [_thread_blocked, id=8416, stack(0x0000000063080000,0x0000000063180000)]
  0x000000005ff8f800 JavaThread "Cache worker for task history cache (D:\Lista-zakupow-master\.gradle\4.1\taskHistory)" [_thread_blocked, id=8892, stack(0x0000000062b90000,0x0000000062c90000)]
  0x000000005ff8e800 JavaThread "Cache worker for file content cache (D:\Lista-zakupow-master\.gradle\4.1\fileContent)" [_thread_blocked, id=7764, stack(0x0000000061560000,0x0000000061660000)]
  0x000000005ff8b000 JavaThread "build operations Thread 4" [_thread_blocked, id=1040, stack(0x000000005dcb0000,0x000000005ddb0000)]
  0x000000005ff8b800 JavaThread "build operations Thread 3" [_thread_blocked, id=9008, stack(0x0000000060bc0000,0x0000000060cc0000)]
  0x000000005ff8c800 JavaThread "build operations Thread 2" [_thread_blocked, id=9148, stack(0x0000000061350000,0x0000000061450000)]
  0x000000005ff8d000 JavaThread "build operations" [_thread_blocked, id=6324, stack(0x000000005fa80000,0x000000005fb80000)]
  0x0000000059a06800 JavaThread "Cache worker for Artifact transforms cache (C:\Users\kensi\.gradle\caches\transforms-1)" [_thread_blocked, id=6700, stack(0x000000005ad20000,0x000000005ae20000)]
  0x0000000059a07000 JavaThread "Cache worker for file hash cache (D:\Lista-zakupow-master\.gradle\4.1\fileHashes)" [_thread_blocked, id=4828, stack(0x000000005c730000,0x000000005c830000)]
  0x0000000059a08000 JavaThread "Stdin handler" [_thread_blocked, id=6936, stack(0x000000005c630000,0x000000005c730000)]
  0x0000000059a01000 JavaThread "Asynchronous log dispatcher for DefaultDaemonConnection: socket connection from /127.0.0.1:63814 to /127.0.0.1:64921" [_thread_blocked, id=8128, stack(0x000000005b0c0000,0x000000005b1c0000)]
  0x0000000059a02000 JavaThread "Daemon worker Thread 3" [_thread_blocked, id=8248, stack(0x000000005ae40000,0x000000005af40000)]
  0x0000000059a03800 JavaThread "Cancel handler" [_thread_blocked, id=8540, stack(0x000000005a960000,0x000000005aa60000)]
  0x0000000059a02800 JavaThread "Handler for socket connection from /127.0.0.1:63814 to /127.0.0.1:64921" [_thread_in_native, id=928, stack(0x000000005a6e0000,0x000000005a7e0000)]
  0x0000000059a04000 JavaThread "Daemon Thread 3" [_thread_blocked, id=1528, stack(0x000000005a820000,0x000000005a920000)]
  0x00000000597b5000 JavaThread "Memory manager" [_thread_blocked, id=8484, stack(0x0000000061bb0000,0x0000000061cb0000)]
  0x000000005a004000 JavaThread "File lock request listener" [_thread_in_native, id=5384, stack(0x000000005c310000,0x000000005c410000)]
  0x000000005a021800 JavaThread "Cache worker for file hash cache (C:\Users\kensi\.gradle\caches\4.1\fileHashes)" [_thread_blocked, id=1404, stack(0x000000005a340000,0x000000005a440000)]
  0x00000000592cc800 JavaThread "Daemon periodic checks" [_thread_blocked, id=8856, stack(0x000000005a5e0000,0x000000005a6e0000)]
  0x0000000059676000 JavaThread "Incoming local TCP Connector on port 63814" [_thread_in_native, id=8668, stack(0x0000000058fa0000,0x00000000590a0000)]
  0x0000000057f92800 JavaThread "Service Thread" daemon [_thread_blocked, id=7260, stack(0x0000000058650000,0x0000000058750000)]
  0x0000000057f21000 JavaThread "C1 CompilerThread2" daemon [_thread_blocked, id=8624, stack(0x0000000058380000,0x0000000058480000)]
  0x000000005664f000 JavaThread "C2 CompilerThread1" daemon [_thread_blocked, id=4116, stack(0x0000000057cd0000,0x0000000057dd0000)]
  0x000000005664b000 JavaThread "C2 CompilerThread0" daemon [_thread_blocked, id=2020, stack(0x0000000057e20000,0x0000000057f20000)]
  0x0000000056643000 JavaThread "Attach Listener" daemon [_thread_blocked, id=8808, stack(0x0000000057b90000,0x0000000057c90000)]
  0x0000000056641800 JavaThread "Signal Dispatcher" daemon [_thread_blocked, id=388, stack(0x0000000057990000,0x0000000057a90000)]
  0x0000000056628000 JavaThread "Finalizer" daemon [_thread_blocked, id=9192, stack(0x0000000057850000,0x0000000057950000)]
  0x00000000565e1000 JavaThread "Reference Handler" daemon [_thread_blocked, id=8092, stack(0x00000000576f0000,0x00000000577f0000)]
  0x00000000022e8000 JavaThread "main" [_thread_blocked, id=7628, stack(0x0000000002480000,0x0000000002580000)]

Other Threads:
  0x00000000565d9800 VMThread [stack: 0x0000000057590000,0x0000000057690000] [id=8388]
  0x0000000057fab800 WatcherThread [stack: 0x0000000058480000,0x0000000058580000] [id=7372]

=>0x0000000002301800 (exited) GCTaskThread [stack: 0x0000000012850000,0x0000000012950000] [id=8044]

VM state:at safepoint (normal execution)

VM Mutex/Monitor currently owned by a thread:  ([mutex/lock_event])
[0x00000000022acda0] Threads_lock - owner thread: 0x00000000565d9800
[0x00000000022ad2a0] Heap_lock - owner thread: 0x000000005ff90000

Heap:
 PSYoungGen      total 221696K, used 221685K [0x00000000e0000000, 0x00000000ef200000, 0x0000000100000000)
  eden space 202752K, 100% used [0x00000000e0000000,0x00000000ec600000,0x00000000ec600000)
  from space 18944K, 99% used [0x00000000ede00000,0x00000000ef07d4c8,0x00000000ef080000)
  to   space 22528K, 18% used [0x00000000ec600000,0x00000000eca00050,0x00000000edc00000)
 ParOldGen       total 136192K, used 51735K [0x00000000a0000000, 0x00000000a8500000, 0x00000000e0000000)
  object space 136192K, 37% used [0x00000000a0000000,0x00000000a3287e40,0x00000000a8500000)
 Metaspace       used 71138K, capacity 73970K, committed 74328K, reserved 1114112K
  class space    used 9098K, capacity 9752K, committed 9856K, reserved 1048576K

Card table byte_map: [0x0000000011c10000,0x0000000011f20000] byte_map_base: 0x0000000011710000

Marking Bits: (ParMarkBitMap*) 0x000000005f5c3950
 Begin Bits: [0x0000000012950000, 0x0000000014150000)
 End Bits:   [0x0000000014150000, 0x0000000015950000)

Polling page: 0x0000000000350000

CodeCache: size=245760Kb used=37541Kb max_used=37801Kb free=208218Kb
 bounds [0x0000000002850000, 0x0000000004d80000, 0x0000000011850000]
 total_blobs=12254 nmethods=11418 adapters=748
 compilation: enabled

Compilation events (10 events):
Event: 1848.999 Thread 0x0000000057f21000 13859   !   3       java.util.EnumSet::clone (18 bytes)
Event: 1848.999 Thread 0x0000000057f21000 nmethod 13859 0x0000000002cea150 code [0x0000000002cea2e0, 0x0000000002cea618]
Event: 1849.003 Thread 0x000000005664b000 13860 %     4       com.sun.tools.javac.jvm.ClassReader::indexPool @ 24 (260 bytes)
Event: 1849.004 Thread 0x0000000057f21000 13861       3       com.sun.tools.javac.jvm.ClassReader::attachParameterAnnotations (91 bytes)
Event: 1849.005 Thread 0x0000000057f21000 nmethod 13861 0x0000000002bc9690 code [0x0000000002bc98a0, 0x0000000002bca358]
Event: 1849.010 Thread 0x000000005664b000 nmethod 13860% 0x0000000002c372d0 code [0x0000000002c37580, 0x0000000002c37878]
Event: 1849.012 Thread 0x0000000057f21000 13862   !   3       com.sun.tools.javac.file.JavacFileManager::caseMapCheck (147 bytes)
Event: 1849.013 Thread 0x0000000057f21000 nmethod 13862 0x0000000002c37d90 code [0x0000000002c37fe0, 0x0000000002c38cf8]
Event: 1849.016 Thread 0x000000005664f000 13863       4       com.sun.tools.javac.file.Locations$ClassPathLocationHandler::getLocation (9 bytes)
Event: 1849.017 Thread 0x000000005664f000 nmethod 13863 0x0000000004117410 code [0x0000000004117540, 0x00000000041175b8]

GC Heap History (10 events):
Event: 15.758 GC heap after
Heap after GC invocations=13 (full 2):
 PSYoungGen      total 151040K, used 11340K [0x00000000e0000000, 0x00000000eca00000, 0x0000000100000000)
  eden space 139264K, 0% used [0x00000000e0000000,0x00000000e0000000,0x00000000e8800000)
  from space 11776K, 96% used [0x00000000e8800000,0x00000000e9313268,0x00000000e9380000)
  to   space 12800K, 0% used [0x00000000ebd80000,0x00000000ebd80000,0x00000000eca00000)
 ParOldGen       total 83968K, used 20694K [0x00000000a0000000, 0x00000000a5200000, 0x00000000e0000000)
  object space 83968K, 24% used [0x00000000a0000000,0x00000000a1435890,0x00000000a5200000)
 Metaspace       used 50456K, capacity 52040K, committed 52312K, reserved 1093632K
  class space    used 6804K, capacity 7189K, committed 7296K, reserved 1048576K
}
Event: 19.811 GC heap before
{Heap before GC invocations=14 (full 2):
 PSYoungGen      total 151040K, used 124564K [0x00000000e0000000, 0x00000000eca00000, 0x0000000100000000)
  eden space 139264K, 81% used [0x00000000e0000000,0x00000000e6e91e80,0x00000000e8800000)
  from space 11776K, 96% used [0x00000000e8800000,0x00000000e9313268,0x00000000e9380000)
  to   space 12800K, 0% used [0x00000000ebd80000,0x00000000ebd80000,0x00000000eca00000)
 ParOldGen       total 83968K, used 20694K [0x00000000a0000000, 0x00000000a5200000, 0x00000000e0000000)
  object space 83968K, 24% used [0x00000000a0000000,0x00000000a1435890,0x00000000a5200000)
 Metaspace       used 57182K, capacity 58924K, committed 59028K, reserved 1099776K
  class space    used 7709K, capacity 8171K, committed 8192K, reserved 1048576K
Event: 19.846 GC heap after
Heap after GC invocations=14 (full 2):
 PSYoungGen      total 189952K, used 12778K [0x00000000e0000000, 0x00000000ed700000, 0x0000000100000000)
  eden space 177152K, 0% used [0x00000000e0000000,0x00000000e0000000,0x00000000ead00000)
  from space 12800K, 99% used [0x00000000ebd80000,0x00000000ec9fa920,0x00000000eca00000)
  to   space 16896K, 0% used [0x00000000ead00000,0x00000000ead00000,0x00000000ebd80000)
 ParOldGen       total 83968K, used 27779K [0x00000000a0000000, 0x00000000a5200000, 0x00000000e0000000)
  object space 83968K, 33% used [0x00000000a0000000,0x00000000a1b20cf0,0x00000000a5200000)
 Metaspace       used 57182K, capacity 58924K, committed 59028K, reserved 1099776K
  class space    used 7709K, capacity 8171K, committed 8192K, reserved 1048576K
}
Event: 19.846 GC heap before
{Heap before GC invocations=15 (full 3):
 PSYoungGen      total 189952K, used 12778K [0x00000000e0000000, 0x00000000ed700000, 0x0000000100000000)
  eden space 177152K, 0% used [0x00000000e0000000,0x00000000e0000000,0x00000000ead00000)
  from space 12800K, 99% used [0x00000000ebd80000,0x00000000ec9fa920,0x00000000eca00000)
  to   space 16896K, 0% used [0x00000000ead00000,0x00000000ead00000,0x00000000ebd80000)
 ParOldGen       total 83968K, used 27779K [0x00000000a0000000, 0x00000000a5200000, 0x00000000e0000000)
  object space 83968K, 33% used [0x00000000a0000000,0x00000000a1b20cf0,0x00000000a5200000)
 Metaspace       used 57182K, capacity 58924K, committed 59028K, reserved 1099776K
  class space    used 7709K, capacity 8171K, committed 8192K, reserved 1048576K
Event: 20.758 GC heap after
Heap after GC invocations=15 (full 3):
 PSYoungGen      total 189952K, used 0K [0x00000000e0000000, 0x00000000ed700000, 0x0000000100000000)
  eden space 177152K, 0% used [0x00000000e0000000,0x00000000e0000000,0x00000000ead00000)
  from space 12800K, 0% used [0x00000000ebd80000,0x00000000ebd80000,0x00000000eca00000)
  to   space 16896K, 0% used [0x00000000ead00000,0x00000000ead00000,0x00000000ebd80000)
 ParOldGen       total 136192K, used 38662K [0x00000000a0000000, 0x00000000a8500000, 0x00000000e0000000)
  object space 136192K, 28% used [0x00000000a0000000,0x00000000a25c1880,0x00000000a8500000)
 Metaspace       used 57182K, capacity 58924K, committed 59028K, reserved 1099776K
  class space    used 7709K, capacity 8171K, committed 8192K, reserved 1048576K
}
Event: 28.238 GC heap before
{Heap before GC invocations=16 (full 3):
 PSYoungGen      total 189952K, used 177152K [0x00000000e0000000, 0x00000000ed700000, 0x0000000100000000)
  eden space 177152K, 100% used [0x00000000e0000000,0x00000000ead00000,0x00000000ead00000)
  from space 12800K, 0% used [0x00000000ebd80000,0x00000000ebd80000,0x00000000eca00000)
  to   space 16896K, 0% used [0x00000000ead00000,0x00000000ead00000,0x00000000ebd80000)
 ParOldGen       total 136192K, used 38662K [0x00000000a0000000, 0x00000000a8500000, 0x00000000e0000000)
  object space 136192K, 28% used [0x00000000a0000000,0x00000000a25c1880,0x00000000a8500000)
 Metaspace       used 64613K, capacity 66618K, committed 66776K, reserved 1107968K
  class space    used 8486K, capacity 8944K, committed 8960K, reserved 1048576K
Event: 28.271 GC heap after
Heap after GC invocations=16 (full 3):
 PSYoungGen      total 194048K, used 15692K [0x00000000e0000000, 0x00000000ef080000, 0x0000000100000000)
  eden space 177152K, 0% used [0x00000000e0000000,0x00000000e0000000,0x00000000ead00000)
  from space 16896K, 92% used [0x00000000ead00000,0x00000000ebc532f0,0x00000000ebd80000)
  to   space 18944K, 0% used [0x00000000ede00000,0x00000000ede00000,0x00000000ef080000)
 ParOldGen       total 136192K, used 38670K [0x00000000a0000000, 0x00000000a8500000, 0x00000000e0000000)
  object space 136192K, 28% used [0x00000000a0000000,0x00000000a25c3880,0x00000000a8500000)
 Metaspace       used 64613K, capacity 66618K, committed 66776K, reserved 1107968K
  class space    used 8486K, capacity 8944K, committed 8960K, reserved 1048576K
}
Event: 390.777 GC heap before
{Heap before GC invocations=17 (full 3):
 PSYoungGen      total 194048K, used 192844K [0x00000000e0000000, 0x00000000ef080000, 0x0000000100000000)
  eden space 177152K, 100% used [0x00000000e0000000,0x00000000ead00000,0x00000000ead00000)
  from space 16896K, 92% used [0x00000000ead00000,0x00000000ebc532f0,0x00000000ebd80000)
  to   space 18944K, 0% used [0x00000000ede00000,0x00000000ede00000,0x00000000ef080000)
 ParOldGen       total 136192K, used 38670K [0x00000000a0000000, 0x00000000a8500000, 0x00000000e0000000)
  object space 136192K, 28% used [0x00000000a0000000,0x00000000a25c3880,0x00000000a8500000)
 Metaspace       used 70341K, capacity 73024K, committed 73176K, reserved 1112064K
  class space    used 9077K, capacity 9695K, committed 9728K, reserved 1048576K
Event: 390.846 GC heap after
Heap after GC invocations=17 (full 3):
 PSYoungGen      total 221696K, used 18933K [0x00000000e0000000, 0x00000000ef200000, 0x0000000100000000)
  eden space 202752K, 0% used [0x00000000e0000000,0x00000000e0000000,0x00000000ec600000)
  from space 18944K, 99% used [0x00000000ede00000,0x00000000ef07d4c8,0x00000000ef080000)
  to   space 22528K, 0% used [0x00000000ec600000,0x00000000ec600000,0x00000000edc00000)
 ParOldGen       total 136192K, used 40941K [0x00000000a0000000, 0x00000000a8500000, 0x00000000e0000000)
  object space 136192K, 30% used [0x00000000a0000000,0x00000000a27fb5e8,0x00000000a8500000)
 Metaspace       used 70341K, capacity 73024K, committed 73176K, reserved 1112064K
  class space    used 9077K, capacity 9695K, committed 9728K, reserved 1048576K
}
Event: 1849.020 GC heap before
{Heap before GC invocations=18 (full 3):
 PSYoungGen      total 221696K, used 221685K [0x00000000e0000000, 0x00000000ef200000, 0x0000000100000000)
  eden space 202752K, 100% used [0x00000000e0000000,0x00000000ec600000,0x00000000ec600000)
  from space 18944K, 99% used [0x00000000ede00000,0x00000000ef07d4c8,0x00000000ef080000)
  to   space 22528K, 0% used [0x00000000ec600000,0x00000000ec600000,0x00000000edc00000)
 ParOldGen       total 136192K, used 40941K [0x00000000a0000000, 0x00000000a8500000, 0x00000000e0000000)
  object space 136192K, 30% used [0x00000000a0000000,0x00000000a27fb5e8,0x00000000a8500000)
 Metaspace       used 71138K, capacity 73970K, committed 74328K, reserved 1114112K
  class space    used 9098K, capacity 9752K, committed 9856K, reserved 1048576K

Deoptimization events (10 events):
Event: 392.793 Thread 0x0000000059a02800 Uncommon trap: reason=unloaded action=reinterpret pc=0x00000000044a7fe0 method=com.android.dx.io.instructions.InstructionCodec.decodeRegisterList(Lcom/android/dx/io/instructions/InstructionCodec;ILcom/android/dx/io/instructions/CodeInput;)Lcom/android/dx/
Event: 393.782 Thread 0x0000000059a02800 Uncommon trap: reason=class_check action=maybe_recompile pc=0x000000000311b950 method=java.util.zip.InflaterInputStream.read([BII)I @ 100
Event: 1485.871 Thread 0x00000000597b5000 Uncommon trap: reason=unstable_if action=reinterpret pc=0x00000000033d74e0 method=java.text.DecimalFormat.format(JLjava/lang/StringBuffer;Ljava/text/Format$FieldDelegate;)Ljava/lang/StringBuffer; @ 136
Event: 1485.872 Thread 0x00000000597b5000 Uncommon trap: reason=unstable_if action=reinterpret pc=0x00000000033de2f4 method=java.text.DecimalFormat.format(JLjava/lang/StringBuffer;Ljava/text/Format$FieldDelegate;)Ljava/lang/StringBuffer; @ 136
Event: 1847.012 Thread 0x0000000059a02000 Uncommon trap: reason=array_check action=maybe_recompile pc=0x0000000004623060 method=com.google.common.collect.ImmutableSet.construct(I[Ljava/lang/Object;)Lcom/google/common/collect/ImmutableSet; @ 122
Event: 1847.013 Thread 0x0000000059a02000 Uncommon trap: reason=array_check action=maybe_recompile pc=0x0000000004623060 method=com.google.common.collect.ImmutableSet.construct(I[Ljava/lang/Object;)Lcom/google/common/collect/ImmutableSet; @ 122
Event: 1847.013 Thread 0x0000000059a02000 Uncommon trap: reason=array_check action=maybe_recompile pc=0x0000000004623060 method=com.google.common.collect.ImmutableSet.construct(I[Ljava/lang/Object;)Lcom/google/common/collect/ImmutableSet; @ 122
Event: 1847.013 Thread 0x0000000059a02000 Uncommon trap: reason=array_check action=maybe_recompile pc=0x0000000004623060 method=com.google.common.collect.ImmutableSet.construct(I[Ljava/lang/Object;)Lcom/google/common/collect/ImmutableSet; @ 122
Event: 1848.086 Thread 0x0000000059a02000 Uncommon trap: reason=class_check action=maybe_recompile pc=0x00000000040dca94 method=org.gradle.cache.internal.LockOnDemandCrossProcessCacheAccess.incrementLockCount()V @ 91
Event: 1848.320 Thread 0x000000005ff8d000 Uncommon trap: reason=unstable_if action=reinterpret pc=0x0000000002aa8ad4 method=java.util.concurrent.ConcurrentLinkedQueue.offer(Ljava/lang/Object;)Z @ 40

Classes redefined (0 events):
No events

Internal exceptions (10 events):
Event: 29.391 Thread 0x0000000059aae800 Exception <a 'java/lang/NoSuchMethodError': <clinit>> (0x00000000e3678cd0) thrown at [D:\src\AOSP-openjdk-cygwin\jdk8u\hotspot\src\share\vm\prims\jni.cpp, line 1613]
Event: 29.393 Thread 0x0000000059aae800 Exception <a 'java/lang/NoSuchMethodError': <clinit>> (0x00000000e367d3b0) thrown at [D:\src\AOSP-openjdk-cygwin\jdk8u\hotspot\src\share\vm\prims\jni.cpp, line 1613]
Event: 29.398 Thread 0x0000000059de8000 Exception <a 'java/lang/NoSuchMethodError': <clinit>> (0x00000000e37cb938) thrown at [D:\src\AOSP-openjdk-cygwin\jdk8u\hotspot\src\share\vm\prims\jni.cpp, line 1613]
Event: 386.155 Thread 0x0000000059a02800 Exception <a 'java/lang/ClassNotFoundException': sync_local_repo23086_637y0py27bezona8ne7p8z7h0BeanInfo> (0x00000000e4054db8) thrown at [D:\src\AOSP-openjdk-cygwin\jdk8u\hotspot\src\share\vm\classfile\systemDictionary.cpp, line 210]
Event: 386.156 Thread 0x0000000059a02800 Exception <a 'java/lang/ClassNotFoundException': sync_local_repo23086_637y0py27bezona8ne7p8z7h0Customizer> (0x00000000e405f880) thrown at [D:\src\AOSP-openjdk-cygwin\jdk8u\hotspot\src\share\vm\classfile\systemDictionary.cpp, line 210]
Event: 386.222 Thread 0x0000000059a02800 Implicit null exception at 0x0000000002b593ef to 0x0000000002b59455
Event: 392.305 Thread 0x000000005ff8b000 Exception <a 'sun/nio/fs/WindowsException'> (0x00000000e3564378) thrown at [D:\src\AOSP-openjdk-cygwin\jdk8u\hotspot\src\share\vm\prims\jni.cpp, line 709]
Event: 393.917 Thread 0x0000000059a02800 Exception <a 'sun/nio/fs/WindowsException'> (0x00000000e5e62850) thrown at [D:\src\AOSP-openjdk-cygwin\jdk8u\hotspot\src\share\vm\prims\jni.cpp, line 709]
Event: 1847.104 Thread 0x0000000059a02000 Exception <a 'java/lang/ClassNotFoundException': sync_local_repo19811_cekig9mj2vfy2yy1dd6rw8lp8BeanInfo> (0x00000000e742b810) thrown at [D:\src\AOSP-openjdk-cygwin\jdk8u\hotspot\src\share\vm\classfile\systemDictionary.cpp, line 210]
Event: 1847.104 Thread 0x0000000059a02000 Exception <a 'java/lang/ClassNotFoundException': sync_local_repo19811_cekig9mj2vfy2yy1dd6rw8lp8Customizer> (0x00000000e7436290) thrown at [D:\src\AOSP-openjdk-cygwin\jdk8u\hotspot\src\share\vm\classfile\systemDictionary.cpp, line 210]

Events (10 events):
Event: 1849.005 Thread 0x0000000057f21000 flushing nmethod 0x0000000003358710
Event: 1849.005 Thread 0x0000000057f21000 flushing nmethod 0x000000000335ee10
Event: 1849.005 Thread 0x0000000057f21000 flushing nmethod 0x00000000033d3a50
Event: 1849.005 Thread 0x0000000057f21000 flushing nmethod 0x00000000033dc890
Event: 1849.010 Thread 0x000000005664b000 flushing nmethod 0x00000000034c5150
Event: 1849.010 Thread 0x000000005664b000 flushing nmethod 0x00000000034cb550
Event: 1849.014 Thread 0x0000000057f21000 flushing nmethod 0x00000000037e9ed0
Event: 1849.014 Thread 0x0000000057f21000 flushing nmethod 0x0000000003866290
Event: 1849.017 Thread 0x000000005664f000 flushing nmethod 0x00000000039522d0
Event: 1849.020 Executing VM operation: ParallelGCFailedAllocation


Dynamic libraries:
0x000000013f3c0000 - 0x000000013f3f1000 	C:\Program Files\Android\Android Studio\jre\bin\java.exe
0x0000000077060000 - 0x00000000771ff000 	C:\Windows\SYSTEM32\ntdll.dll
0x000007feea140000 - 0x000007feea174000 	C:\Program Files (x86)\AVG\Antivirus\x64\aswhooka.dll
0x0000000076e40000 - 0x0000000076f5f000 	C:\Windows\system32\kernel32.dll
0x000007fefcd90000 - 0x000007fefcdfa000 	C:\Windows\system32\KERNELBASE.dll
0x000007fefec50000 - 0x000007fefed2b000 	C:\Windows\system32\ADVAPI32.dll
0x000007fefdaa0000 - 0x000007fefdb3f000 	C:\Windows\system32\msvcrt.dll
0x000007feff080000 - 0x000007feff09f000 	C:\Windows\SYSTEM32\sechost.dll
0x000007fefdc10000 - 0x000007fefdd3d000 	C:\Windows\system32\RPCRT4.dll
0x0000000076f60000 - 0x000000007705a000 	C:\Windows\system32\USER32.dll
0x000007feff010000 - 0x000007feff077000 	C:\Windows\system32\GDI32.dll
0x000007fefed30000 - 0x000007fefed3e000 	C:\Windows\system32\LPK.dll
0x000007feff0a0000 - 0x000007feff16b000 	C:\Windows\system32\USP10.dll
0x000007fefb1f0000 - 0x000007fefb3e4000 	C:\Windows\WinSxS\amd64_microsoft.windows.common-controls_6595b64144ccf1df_6.0.7601.18837_none_fa3b1e3d17594757\COMCTL32.dll
0x000007fefdb90000 - 0x000007fefdc01000 	C:\Windows\system32\SHLWAPI.dll
0x000007fefdb40000 - 0x000007fefdb6e000 	C:\Windows\system32\IMM32.DLL
0x000007fefdd40000 - 0x000007fefde49000 	C:\Windows\system32\MSCTF.dll
0x000000005afe0000 - 0x000000005b0b2000 	C:\Program Files\Android\Android Studio\jre\jre\bin\msvcr100.dll
0x000000005ee00000 - 0x000000005f63e000 	C:\Program Files\Android\Android Studio\jre\jre\bin\server\jvm.dll
0x000007feef770000 - 0x000007feef779000 	C:\Windows\system32\WSOCK32.dll
0x000007fefd280000 - 0x000007fefd2cd000 	C:\Windows\system32\WS2_32.dll
0x000007fefdeb0000 - 0x000007fefdeb8000 	C:\Windows\system32\NSI.dll
0x000007fef5400000 - 0x000007fef543b000 	C:\Windows\system32\WINMM.dll
0x000007fefbe10000 - 0x000007fefbe1c000 	C:\Windows\system32\VERSION.dll
0x0000000077210000 - 0x0000000077217000 	C:\Windows\system32\PSAPI.DLL
0x000007feeecb0000 - 0x000007feeecbf000 	C:\Program Files\Android\Android Studio\jre\jre\bin\verify.dll
0x000007feeec10000 - 0x000007feeec39000 	C:\Program Files\Android\Android Studio\jre\jre\bin\java.dll
0x000007feebea0000 - 0x000007feebeb6000 	C:\Program Files\Android\Android Studio\jre\jre\bin\zip.dll
0x000007fefdec0000 - 0x000007fefec4b000 	C:\Windows\system32\SHELL32.dll
0x000007fefd2d0000 - 0x000007fefd4cd000 	C:\Windows\system32\ole32.dll
0x000007fefcd30000 - 0x000007fefcd3f000 	C:\Windows\system32\profapi.dll
0x000007feebe80000 - 0x000007feebe9a000 	C:\Program Files\Android\Android Studio\jre\jre\bin\net.dll
0x000007fefc500000 - 0x000007fefc555000 	C:\Windows\system32\mswsock.dll
0x000007fefc4f0000 - 0x000007fefc4f7000 	C:\Windows\System32\wship6.dll
0x000007feebe60000 - 0x000007feebe71000 	C:\Program Files\Android\Android Studio\jre\jre\bin\nio.dll
0x000007feebe20000 - 0x000007feebe3e000 	C:\Users\kensi\.gradle\native\25\windows-amd64\native-platform.dll
0x000007feeec00000 - 0x000007feeec0d000 	C:\Program Files\Android\Android Studio\jre\jre\bin\management.dll
0x000007fefc560000 - 0x000007fefc578000 	C:\Windows\system32\CRYPTSP.dll
0x000007fefc260000 - 0x000007fefc2a7000 	C:\Windows\system32\rsaenh.dll
0x000007fefce10000 - 0x000007fefce2e000 	C:\Windows\system32\USERENV.dll
0x000007fefcbd0000 - 0x000007fefcbdf000 	C:\Windows\system32\CRYPTBASE.dll
0x000007fefa3d0000 - 0x000007fefa3f7000 	C:\Windows\system32\IPHLPAPI.DLL
0x000007fefa3c0000 - 0x000007fefa3cb000 	C:\Windows\system32\WINNSI.DLL
0x000007fefa220000 - 0x000007fefa238000 	C:\Windows\system32\dhcpcsvc.DLL
0x000007fef9e80000 - 0x000007fef9e91000 	C:\Windows\system32\dhcpcsvc6.DLL
0x000007fefcb70000 - 0x000007fefcbc7000 	C:\Windows\system32\apphelp.dll
0x000007feeb200000 - 0x000007feeb325000 	C:\Windows\system32\dbghelp.dll

VM Arguments:
jvm_args: -Xmx1536m -Dfile.encoding=windows-1250 -Duser.country=PL -Duser.language=pl -Duser.variant 
java_command: org.gradle.launcher.daemon.bootstrap.GradleDaemon 4.1
java_class_path (initial): C:\Users\kensi\.gradle\wrapper\dists\gradle-4.1-all\bzyivzo6n839fup2jbap0tjew\gradle-4.1\lib\gradle-launcher-4.1.jar
Launcher Type: SUN_STANDARD

Environment Variables:
PATH=C:\ProgramData\Oracle\Java\javapath;c:\Program Files (x86)\AMD APP\bin\x86_64;c:\Program Files (x86)\AMD APP\bin\x86;C:\Windows\system32;C:\Windows;C:\Windows\System32\Wbem;C:\Windows\System32\WindowsPowerShell\v1.0\;C:\Program Files\Intel\WiFi\bin\;C:\Program Files\Common Files\Intel\WirelessCommon\;C:\Program Files\PuTTY\;C:\Program Files (x86)\Brackets\command;C:\Program Files\nodejs\;C:\Program Files\Git\cmd;C:\Program Files\Java\jdk-9.0.4\bin;C:\Program Files\Intel\WiFi\bin\;C:\Program Files\Common Files\Intel\WirelessCommon\;C:\Users\kensi\AppData\Roaming\npm;C:\Users\kensi\AppData\Local\GitHubDesktop\bin
USERNAME=kensi
OS=Windows_NT
PROCESSOR_IDENTIFIER=Intel64 Family 6 Model 78 Stepping 3, GenuineIntel



---------------  S Y S T E M  ---------------

OS: Windows 7 , 64 bit Build 7601 (6.1.7601.24094)

CPU:total 4 (initial active 4) (2 cores per cpu, 2 threads per core) family 6 model 78 stepping 3, cmov, cx8, fxsr, mmx, sse, sse2, sse3, ssse3, sse4.1, sse4.2, popcnt, avx, avx2, aes, clmul, erms, 3dnowpref, lzcnt, ht, tsc, tscinvbit, bmi1, bmi2, adx

Memory: 4k page, physical 8245252k(1259076k free), swap 16488628k(5813780k free)

vm_info: OpenJDK 64-Bit Server VM (25.152-b01) for windows-amd64 JRE (1.8.0_152-release-915-b01), built by "builder" with MS VC++ 10.0 (VS2010)

time: Tue May 01 10:00:59 2018
elapsed time: 1849 seconds (0d 0h 30m 49s)

